Determining if the pthread_create exist failed with the following output:
Change Dir: /home/florian/Programme/PCL/feature_segmentation/Region_growing_segmentation/build/CMakeFiles/CMakeTmp

Run Build Command:"/usr/bin/make" "cmTC_65711/fast"
/usr/bin/make -f CMakeFiles/cmTC_65711.dir/build.make CMakeFiles/cmTC_65711.dir/build
make[1]: Entering directory '/home/florian/Programme/PCL/feature_segmentation/Region_growing_segmentation/build/CMakeFiles/CMakeTmp'
Building C object CMakeFiles/cmTC_65711.dir/CheckSymbolExists.c.o
/usr/bin/cc    -o CMakeFiles/cmTC_65711.dir/CheckSymbolExists.c.o   -c /home/florian/Programme/PCL/feature_segmentation/Region_growing_segmentation/build/CMakeFiles/CMakeTmp/CheckSymbolExists.c
Linking C executable cmTC_65711
/usr/bin/cmake -E cmake_link_script CMakeFiles/cmTC_65711.dir/link.txt --verbose=1
/usr/bin/cc      -rdynamic CMakeFiles/cmTC_65711.dir/CheckSymbolExists.c.o  -o cmTC_65711 
CMakeFiles/cmTC_65711.dir/CheckSymbolExists.c.o: In function `main':
CheckSymbolExists.c:(.text+0x1b): undefined reference to `pthread_create'
collect2: error: ld returned 1 exit status
CMakeFiles/cmTC_65711.dir/build.make:97: recipe for target 'cmTC_65711' failed
make[1]: *** [cmTC_65711] Error 1
make[1]: Leaving directory '/home/florian/Programme/PCL/feature_segmentation/Region_growing_segmentation/build/CMakeFiles/CMakeTmp'
Makefile:126: recipe for target 'cmTC_65711/fast' failed
make: *** [cmTC_65711/fast] Error 2

File /home/florian/Programme/PCL/feature_segmentation/Region_growing_segmentation/build/CMakeFiles/CMakeTmp/CheckSymbolExists.c:
/* */
#include <pthread.h>

int main(int argc, char** argv)
{
  (void)argv;
#ifndef pthread_create
  return ((int*)(&pthread_create))[argc];
#else
  (void)argc;
  return 0;
#endif
}

Determining if the function pthread_create exists in the pthreads failed with the following output:
Change Dir: /home/florian/Programme/PCL/feature_segmentation/Region_growing_segmentation/build/CMakeFiles/CMakeTmp

Run Build Command:"/usr/bin/make" "cmTC_74181/fast"
/usr/bin/make -f CMakeFiles/cmTC_74181.dir/build.make CMakeFiles/cmTC_74181.dir/build
make[1]: Entering directory '/home/florian/Programme/PCL/feature_segmentation/Region_growing_segmentation/build/CMakeFiles/CMakeTmp'
Building C object CMakeFiles/cmTC_74181.dir/CheckFunctionExists.c.o
/usr/bin/cc   -DCHECK_FUNCTION_EXISTS=pthread_create   -o CMakeFiles/cmTC_74181.dir/CheckFunctionExists.c.o   -c /usr/share/cmake-3.10/Modules/CheckFunctionExists.c
Linking C executable cmTC_74181
/usr/bin/cmake -E cmake_link_script CMakeFiles/cmTC_74181.dir/link.txt --verbose=1
/usr/bin/cc  -DCHECK_FUNCTION_EXISTS=pthread_create    -rdynamic CMakeFiles/cmTC_74181.dir/CheckFunctionExists.c.o  -o cmTC_74181 -lpthreads 
/usr/bin/ld: cannot find -lpthreads
collect2: error: ld returned 1 exit status
CMakeFiles/cmTC_74181.dir/build.make:97: recipe for target 'cmTC_74181' failed
make[1]: *** [cmTC_74181] Error 1
make[1]: Leaving directory '/home/florian/Programme/PCL/feature_segmentation/Region_growing_segmentation/build/CMakeFiles/CMakeTmp'
Makefile:126: recipe for target 'cmTC_74181/fast' failed
make: *** [cmTC_74181/fast] Error 2


